Watching for file changes with StatReloader
[05/Feb/2026 09:48:01] "GET /admin/ HTTP/1.1" 302 0
[05/Feb/2026 09:48:01] "GET /admin/login/?next=/admin/ HTTP/1.1" 200 11743
[05/Feb/2026 09:48:01] "GET /static/unfold/css/simplebar/simplebar.css HTTP/1.1" 200 4647
[05/Feb/2026 09:48:01] "GET /static/unfold/js/chart/chart.js HTTP/1.1" 200 200633
[05/Feb/2026 09:48:01] "GET /static/unfold/fonts/material-symbols/styles.css HTTP/1.1" 200 164
[05/Feb/2026 09:48:01] "GET /static/unfold/js/htmx/htmx.js HTTP/1.1" 200 50918
[05/Feb/2026 09:48:01] "GET /static/unfold/fonts/inter/styles.css HTTP/1.1" 200 608
[05/Feb/2026 09:48:01] "GET /static/unfold/css/styles.css HTTP/1.1" 200 255908
[05/Feb/2026 09:48:01] "GET /static/unfold/js/app.js HTTP/1.1" 200 19428
[05/Feb/2026 09:48:01] "GET /static/unfold/js/simplebar/simplebar.js HTTP/1.1" 200 27176
[05/Feb/2026 09:48:01] "GET /static/unfold/js/alpine/alpine.anchor.js HTTP/1.1" 200 15524
[05/Feb/2026 09:48:01] "GET /static/unfold/js/alpine/alpine.sort.js HTTP/1.1" 200 37891
[05/Feb/2026 09:48:01] "GET /static/unfold/js/alpine/alpine.persist.js HTTP/1.1" 200 837
[05/Feb/2026 09:48:01] "GET /static/unfold/js/alpine/alpine.resize.js HTTP/1.1" 200 703
[05/Feb/2026 09:48:01] "GET /static/unfold/js/alpine/alpine.js HTTP/1.1" 200 44758
[05/Feb/2026 09:48:01] "GET /static/unfold/fonts/inter/Inter-SemiBold.woff2 HTTP/1.1" 200 114812
[05/Feb/2026 09:48:01] "GET /static/unfold/fonts/inter/Inter-Medium.woff2 HTTP/1.1" 200 114348
[05/Feb/2026 09:48:01] "GET /static/unfold/fonts/material-symbols/Material-Symbols-Outlined.woff2 HTTP/1.1" 200 291696
[05/Feb/2026 09:48:01] "GET /static/unfold/fonts/inter/Inter-Regular.woff2 HTTP/1.1" 200 111268
[05/Feb/2026 09:48:03] "POST /admin/login/?next=/admin/ HTTP/1.1" 302 0
[05/Feb/2026 09:48:03] "GET /admin/ HTTP/1.1" 200 37625
